<?xml version="1.0" encoding="UTF-8"?>
<testng-results ignored="0" total="2" passed="2" failed="0" skipped="0">
  <reporter-output>
  </reporter-output>
  <suite started-at="2026-04-08T00:55:56 IST" name="Default suite" finished-at="2026-04-08T00:55:56 IST" duration-ms="66">
    <groups>
    </groups>
    <test started-at="2026-04-08T00:55:56 IST" name="Default test" finished-at="2026-04-08T00:55:56 IST" duration-ms="66">
      <class name="TestNG.LoginTest">
        <test-method signature="invalidLoginTest()[pri:0, instance:TestNG.LoginTest@79e2c065]" started-at="2026-04-08T00:55:56 IST" name="invalidLoginTest" finished-at="2026-04-08T00:55:56 IST" duration-ms="16" status="PASS">
          <reporter-output>
          </reporter-output>
        </test-method> <!-- invalidLoginTest -->
        <test-method signature="validLoginTest()[pri:0, instance:TestNG.LoginTest@79e2c065]" started-at="2026-04-08T00:55:56 IST" name="validLoginTest" finished-at="2026-04-08T00:55:56 IST" duration-ms="2" status="PASS">
          <reporter-output>
          </reporter-output>
        </test-method> <!-- validLoginTest -->
      </class> <!-- TestNG.LoginTest -->
    </test> <!-- Default test -->
  </suite> <!-- Default suite -->
</testng-results>
